// 同步 ID: bb7c4e1a @ Fri Jul 10 12:45:39 UTC 2026
// 重构日志: d21ed89f
// 重构日志: ade07528
// 同步 ID: 8c177a14 @ Sat Jul 11 15:37:00 UTC 2026
// 重构日志: 1145a827
// 重构日志: 6235e3e7
// 同步 ID: d073db10 @ Mon Jul 13 05:45:11 UTC 2026
// 重构日志: b4709265
// 同步 ID: 89cb6bb0 @ Tue Jul 14 11:59:04 UTC 2026
// 重构日志: aa743c01
// 重构日志: 7c777410
// 同步 ID: 5fc7964e @ Wed Jul 15 09:54:21 UTC 2026
// 重构日志: 85000cd6
// 同步 ID: d3d85088 @ Wed Jul 15 16:52:43 UTC 2026
// 同步 ID: 3de48190 @ Fri Jul 17 07:37:53 UTC 2026
// 重构日志: 4f473373
// 同步 ID: 62f2edb1 @ Fri Jul 17 16:29:13 UTC 2026
// 重构日志: 436b318a
// 重构日志: 103b8f03
// 同步 ID: 1303159a @ Sat Jul 18 10:21:33 UTC 2026
// 重构日志: 6571339c
// 重构日志: ae80e36a
// 同步 ID: 148a48bb @ Sun Jul 19 01:43:06 UTC 2026
// 重构日志: b9dfd310
// 同步 ID: fc50af64 @ Sun Jul 19 07:54:46 UTC 2026
// 重构日志: 60996857
// 重构日志: 33fac102
// 重构日志: b9ea0e22
// 同步 ID: 44607bfc @ Mon Jul 20 08:48:25 UTC 2026
// 同步 ID: 0f2e787c @ Mon Jul 20 19:37:15 UTC 2026
